<?xml version="1.0" encoding="UTF-8"?>
<testng-results ignored="0" total="2" passed="2" failed="0" skipped="0">
  <reporter-output>
  </reporter-output>
  <suite started-at="2024-10-22T17:13:34 IST" name="Suite" finished-at="2024-10-22T17:14:43 IST" duration-ms="68868">
    <groups>
    </groups>
    <test started-at="2024-10-22T17:13:34 IST" name="Test" finished-at="2024-10-22T17:14:43 IST" duration-ms="68868">
      <class name="com.test.Registrationtest">
        <test-method is-config="true" signature="setup()[pri:0, instance:com.test.Registrationtest@1530c739]" started-at="2024-10-22T17:13:34 IST" name="setup" finished-at="2024-10-22T17:14:18 IST" duration-ms="44647" status="PASS">
          <reporter-output>
          </reporter-output>
        </test-method> <!-- setup -->
        <test-method signature="testRegistrationWithResumeUpload()[pri:0, instance:com.test.Registrationtest@1530c739]" started-at="2024-10-22T17:14:19 IST" name="testRegistrationWithResumeUpload" finished-at="2024-10-22T17:14:24 IST" duration-ms="5535" status="PASS">
          <reporter-output>
          </reporter-output>
        </test-method> <!-- testRegistrationWithResumeUpload -->
        <test-method is-config="true" signature="teardown()[pri:0, instance:com.test.Registrationtest@1530c739]" started-at="2024-10-22T17:14:41 IST" name="teardown" finished-at="2024-10-22T17:14:43 IST" duration-ms="1220" status="PASS">
          <reporter-output>
          </reporter-output>
        </test-method> <!-- teardown -->
      </class> <!-- com.test.Registrationtest -->
      <class name="com.test.LoginTest">
        <test-method is-config="true" signature="setUp()[pri:0, instance:com.test.LoginTest@470734c3]" started-at="2024-10-22T17:14:24 IST" name="setUp" finished-at="2024-10-22T17:14:40 IST" duration-ms="15859" status="PASS">
          <reporter-output>
          </reporter-output>
        </test-method> <!-- setUp -->
        <test-method signature="loginUser(java.lang.String,java.lang.String)[pri:0, instance:com.test.LoginTest@470734c3]" started-at="2024-10-22T17:14:40 IST" name="loginUser" data-provider="loginData" finished-at="2024-10-22T17:14:41 IST" duration-ms="1116" status="PASS">
          <params>
            <param index="0">
              <value>
                <![CDATA[john@example.com]]>
              </value>
            </param>
            <param index="1">
              <value>
                <![CDATA[pass123]]>
              </value>
            </param>
          </params>
          <reporter-output>
          </reporter-output>
        </test-method> <!-- loginUser -->
        <test-method is-config="true" signature="tearDown()[pri:0, instance:com.test.LoginTest@470734c3]" started-at="2024-10-22T17:14:41 IST" name="tearDown" finished-at="2024-10-22T17:14:41 IST" duration-ms="353" status="PASS">
          <reporter-output>
          </reporter-output>
        </test-method> <!-- tearDown -->
      </class> <!-- com.test.LoginTest -->
    </test> <!-- Test -->
  </suite> <!-- Suite -->
</testng-results>
